TN:
SF:src/modules/service-order/application/use-cases/create-os.use-case.ts
FN:13,(anonymous_7)
FN:18,(anonymous_8)
FN:35,(anonymous_10)
FN:36,(anonymous_11)
FNF:4
FNH:4
FNDA:5,(anonymous_7)
FNDA:5,(anonymous_8)
FNDA:6,(anonymous_10)
FNDA:6,(anonymous_11)
DA:2,1
DA:3,1
DA:8,1
DA:11,1
DA:14,5
DA:15,5
DA:20,5
DA:22,5
DA:23,1
DA:26,4
DA:28,4
DA:29,1
DA:32,3
DA:35,6
DA:36,6
DA:43,3
DA:45,3
LF:17
LH:17
BRDA:22,0,0,1
BRDA:22,0,1,4
BRDA:28,1,0,1
BRDA:28,1,1,3
BRF:4
BRH:4
end_of_record
TN:
SF:src/modules/service-order/application/use-cases/find-all-os.use-case.ts
FN:7,(anonymous_7)
FN:9,(anonymous_8)
FN:12,(anonymous_10)
FN:16,(anonymous_11)
FN:21,(anonymous_12)
FNF:5
FNH:5
FNDA:8,(anonymous_7)
FNDA:8,(anonymous_8)
FNDA:6,(anonymous_10)
FNDA:7,(anonymous_11)
FNDA:3,(anonymous_12)
DA:5,1
DA:7,8
DA:10,8
DA:12,7
DA:16,7
DA:21,3
LF:6
LH:6
BRF:0
BRH:0
end_of_record
TN:
SF:src/modules/service-order/application/use-cases/find-os.use-case.ts
FN:7,(anonymous_7)
FN:9,(anonymous_8)
FN:16,(anonymous_10)
FN:21,(anonymous_11)
FNF:4
FNH:4
FNDA:3,(anonymous_7)
FNDA:3,(anonymous_8)
FNDA:4,(anonymous_10)
FNDA:2,(anonymous_11)
DA:5,1
DA:7,3
DA:10,3
DA:12,2
DA:16,4
DA:21,2
LF:6
LH:6
BRF:0
BRH:0
end_of_record
TN:
SF:src/modules/service-order/application/use-cases/update-os.use-case.ts
FN:8,(anonymous_7)
FN:10,(anonymous_8)
FNF:2
FNH:2
FNDA:19,(anonymous_7)
FNDA:22,(anonymous_8)
DA:3,1
DA:6,1
DA:8,19
DA:11,22
DA:13,21
DA:14,1
DA:17,20
DA:28,20
DA:30,19
LF:9
LH:9
BRDA:13,0,0,1
BRDA:13,0,1,20
BRDA:23,1,0,6
BRDA:23,1,1,14
BRDA:23,2,0,20
BRDA:23,2,1,20
BRF:6
BRH:6
end_of_record
TN:
SF:src/modules/service-order/application/use-cases/update-services-and-supplies.use-case.ts
FN:10,(anonymous_7)
FN:16,(anonymous_8)
FN:42,(anonymous_10)
FN:43,(anonymous_11)
FN:50,(anonymous_12)
FN:59,(anonymous_14)
FN:68,(anonymous_16)
FNF:7
FNH:7
FNDA:7,(anonymous_7)
FNDA:7,(anonymous_8)
FNDA:5,(anonymous_10)
FNDA:5,(anonymous_11)
FNDA:6,(anonymous_12)
FNDA:5,(anonymous_14)
FNDA:6,(anonymous_16)
DA:2,1
DA:8,1
DA:11,7
DA:12,7
DA:13,7
DA:17,7
DA:18,7
DA:20,7
DA:21,1
DA:24,6
DA:25,5
DA:27,4
DA:28,3
DA:29,3
DA:32,4
DA:33,3
DA:34,3
DA:37,4
DA:39,4
DA:42,5
DA:43,5
DA:51,6
DA:52,7
DA:53,7
DA:54,1
DA:60,5
DA:61,6
DA:62,6
DA:63,1
DA:73,6
DA:74,6
DA:75,8
DA:76,8
DA:77,0
DA:79,8
DA:81,6
LF:36
LH:35
BRDA:20,0,0,1
BRDA:20,0,1,6
BRDA:27,1,0,3
BRDA:27,1,1,1
BRDA:32,2,0,3
BRDA:32,2,1,1
BRDA:53,3,0,1
BRDA:53,3,1,6
BRDA:62,4,0,1
BRDA:62,4,1,5
BRDA:76,5,0,0
BRDA:76,5,1,8
BRF:12
BRH:11
end_of_record
TN:
SF:src/modules/service-order/domain/service-order.entity.ts
FN:20,(anonymous_0)
FN:24,(anonymous_1)
FN:28,(anonymous_2)
FN:32,(anonymous_3)
FN:36,(anonymous_4)
FN:40,(anonymous_5)
FN:44,(anonymous_6)
FN:48,(anonymous_7)
FN:54,(anonymous_8)
FN:60,(anonymous_9)
FN:68,(anonymous_10)
FN:76,(anonymous_11)
FN:84,(anonymous_12)
FN:92,(anonymous_13)
FN:100,(anonymous_14)
FN:108,(anonymous_15)
FN:117,(anonymous_16)
FN:125,(anonymous_17)
FN:129,(anonymous_18)
FN:142,(anonymous_19)
FNF:20
FNH:10
FNDA:59,(anonymous_0)
FNDA:59,(anonymous_1)
FNDA:58,(anonymous_2)
FNDA:56,(anonymous_3)
FNDA:76,(anonymous_4)
FNDA:53,(anonymous_5)
FNDA:36,(anonymous_6)
FNDA:54,(anonymous_7)
FNDA:54,(anonymous_8)
FNDA:0,(anonymous_9)
FNDA:0,(anonymous_10)
FNDA:0,(anonymous_11)
FNDA:0,(anonymous_12)
FNDA:0,(anonymous_13)
FNDA:0,(anonymous_14)
FNDA:0,(anonymous_15)
FNDA:0,(anonymous_16)
FNDA:0,(anonymous_17)
FNDA:0,(anonymous_18)
FNDA:54,(anonymous_19)
DA:1,4
DA:2,4
DA:3,4
DA:18,4
DA:21,59
DA:25,59
DA:29,58
DA:33,56
DA:37,76
DA:41,53
DA:45,36
DA:49,54
DA:55,54
DA:56,54
DA:57,54
DA:61,0
DA:62,0
DA:65,0
DA:69,0
DA:70,0
DA:73,0
DA:77,0
DA:78,0
DA:81,0
DA:85,0
DA:86,0
DA:89,0
DA:93,0
DA:94,0
DA:97,0
DA:101,0
DA:102,0
DA:105,0
DA:109,0
DA:110,0
DA:113,0
DA:114,0
DA:118,0
DA:119,0
DA:122,0
DA:126,0
DA:130,0
DA:143,54
DA:144,0
DA:147,54
DA:148,0
DA:151,54
DA:152,0
DA:155,54
DA:156,0
LF:50
LH:19
BRDA:61,0,0,0
BRDA:61,0,1,0
BRDA:69,1,0,0
BRDA:69,1,1,0
BRDA:77,2,0,0
BRDA:77,2,1,0
BRDA:85,3,0,0
BRDA:85,3,1,0
BRDA:93,4,0,0
BRDA:93,4,1,0
BRDA:101,5,0,0
BRDA:101,5,1,0
BRDA:109,6,0,0
BRDA:109,6,1,0
BRDA:118,7,0,0
BRDA:118,7,1,0
BRDA:143,8,0,0
BRDA:143,8,1,54
BRDA:147,9,0,0
BRDA:147,9,1,54
BRDA:151,10,0,0
BRDA:151,10,1,54
BRDA:151,11,0,54
BRDA:151,11,1,54
BRDA:155,12,0,0
BRDA:155,12,1,54
BRF:26
BRH:6
end_of_record
TN:
SF:src/modules/service/domain/service.entity.ts
FN:12,(anonymous_0)
FN:16,(anonymous_1)
FN:20,(anonymous_2)
FN:26,(anonymous_3)
FN:32,(anonymous_4)
FN:40,(anonymous_5)
FN:48,(anonymous_6)
FN:56,(anonymous_7)
FN:65,(anonymous_8)
FNF:9
FNH:5
FNDA:11,(anonymous_0)
FNDA:11,(anonymous_1)
FNDA:11,(anonymous_2)
FNDA:10,(anonymous_3)
FNDA:0,(anonymous_4)
FNDA:0,(anonymous_5)
FNDA:0,(anonymous_6)
FNDA:0,(anonymous_7)
FNDA:10,(anonymous_8)
DA:1,3
DA:2,3
DA:10,3
DA:13,11
DA:17,11
DA:21,11
DA:27,10
DA:28,10
DA:29,10
DA:33,0
DA:34,0
DA:37,0
DA:41,0
DA:42,0
DA:45,0
DA:49,0
DA:50,0
DA:53,0
DA:57,0
DA:66,10
DA:67,0
DA:70,10
DA:71,0
DA:74,10
DA:75,0
LF:25
LH:12
BRDA:33,0,0,0
BRDA:33,0,1,0
BRDA:33,1,0,0
BRDA:33,1,1,0
BRDA:41,2,0,0
BRDA:41,2,1,0
BRDA:41,3,0,0
BRDA:41,3,1,0
BRDA:49,4,0,0
BRDA:49,4,1,0
BRDA:66,5,0,0
BRDA:66,5,1,10
BRDA:66,6,0,10
BRDA:66,6,1,10
BRDA:70,7,0,0
BRDA:70,7,1,10
BRDA:70,8,0,10
BRDA:70,8,1,10
BRDA:74,9,0,0
BRDA:74,9,1,10
BRDA:74,10,0,10
BRDA:74,10,1,10
BRF:22
BRH:9
end_of_record
TN:
SF:src/modules/supply/domain/supply.entity.ts
FN:12,(anonymous_0)
FN:16,(anonymous_1)
FN:20,(anonymous_2)
FN:26,(anonymous_3)
FN:32,(anonymous_4)
FN:40,(anonymous_5)
FN:48,(anonymous_6)
FN:56,(anonymous_7)
FN:65,(anonymous_8)
FNF:9
FNH:5
FNDA:5,(anonymous_0)
FNDA:5,(anonymous_1)
FNDA:5,(anonymous_2)
FNDA:5,(anonymous_3)
FNDA:0,(anonymous_4)
FNDA:0,(anonymous_5)
FNDA:0,(anonymous_6)
FNDA:0,(anonymous_7)
FNDA:5,(anonymous_8)
DA:1,3
DA:2,3
DA:10,3
DA:13,5
DA:17,5
DA:21,5
DA:27,5
DA:28,5
DA:29,5
DA:33,0
DA:34,0
DA:37,0
DA:41,0
DA:42,0
DA:45,0
DA:49,0
DA:50,0
DA:53,0
DA:57,0
DA:66,5
DA:67,0
DA:70,5
DA:71,0
DA:74,5
DA:75,0
LF:25
LH:12
BRDA:33,0,0,0
BRDA:33,0,1,0
BRDA:33,1,0,0
BRDA:33,1,1,0
BRDA:41,2,0,0
BRDA:41,2,1,0
BRDA:49,3,0,0
BRDA:49,3,1,0
BRDA:66,4,0,0
BRDA:66,4,1,5
BRDA:66,5,0,5
BRDA:66,5,1,5
BRDA:70,6,0,0
BRDA:70,6,1,5
BRDA:74,7,0,0
BRDA:74,7,1,5
BRF:16
BRH:5
end_of_record
TN:
SF:src/shared/domain/entities/entity.ts
FN:4,(anonymous_0)
FN:8,(anonymous_1)
FN:12,(anonymous_2)
FNF:3
FNH:2
FNDA:69,(anonymous_0)
FNDA:49,(anonymous_1)
FNDA:0,(anonymous_2)
DA:1,4
DA:5,69
DA:9,49
DA:13,0
DA:14,0
DA:17,0
DA:18,0
DA:21,0
LF:8
LH:3
BRDA:13,0,0,0
BRDA:13,0,1,0
BRDA:13,1,0,0
BRDA:13,1,1,0
BRDA:17,2,0,0
BRDA:17,2,1,0
BRF:6
BRH:0
end_of_record
TN:
SF:src/shared/domain/enums/service-order-status.enum.ts
FN:1,(anonymous_0)
FNF:1
FNH:1
FNDA:4,(anonymous_0)
DA:1,4
DA:2,4
DA:3,4
DA:4,4
DA:5,4
DA:6,4
DA:7,4
DA:8,4
DA:10,4
LF:9
LH:9
BRDA:1,0,0,4
BRDA:1,0,1,4
BRF:2
BRH:2
end_of_record
TN:
SF:src/shared/domain/errors/domain-errors.ts
FN:4,(anonymous_0)
FN:11,(anonymous_1)
FN:17,(anonymous_2)
FN:21,(anonymous_3)
FN:27,(anonymous_4)
FNF:5
FNH:2
FNDA:5,(anonymous_0)
FNDA:0,(anonymous_1)
FNDA:3,(anonymous_2)
FNDA:0,(anonymous_3)
FNDA:0,(anonymous_4)
DA:1,5
DA:3,5
DA:5,5
DA:6,5
DA:10,5
DA:12,0
DA:16,5
DA:18,3
DA:22,0
DA:26,5
DA:28,0
LF:11
LH:8
BRF:0
BRH:0
end_of_record
TN:
SF:src/shared/domain/errors/http-error.ts
FN:5,(anonymous_0)
FN:14,(anonymous_1)
FNF:2
FNH:0
FNDA:0,(anonymous_0)
FNDA:0,(anonymous_1)
DA:1,5
DA:6,0
DA:7,0
DA:8,0
DA:9,0
DA:11,0
DA:15,0
LF:7
LH:1
BRF:0
BRH:0
end_of_record
TN:
SF:src/shared/domain/errors/http-errors.ts
FN:4,(anonymous_0)
FN:10,(anonymous_1)
FN:16,(anonymous_2)
FN:22,(anonymous_3)
FN:29,(anonymous_4)
FN:35,(anonymous_5)
FN:41,(anonymous_6)
FN:47,(anonymous_7)
FNF:8
FNH:0
FNDA:0,(anonymous_0)
FNDA:0,(anonymous_1)
FNDA:0,(anonymous_2)
FNDA:0,(anonymous_3)
FNDA:0,(anonymous_4)
FNDA:0,(anonymous_5)
FNDA:0,(anonymous_6)
FNDA:0,(anonymous_7)
DA:1,5
DA:3,5
DA:5,0
DA:9,5
DA:11,0
DA:15,5
DA:17,0
DA:21,5
DA:23,0
DA:24,0
DA:28,5
DA:30,0
DA:34,5
DA:36,0
DA:40,5
DA:42,0
DA:46,5
DA:48,0
LF:18
LH:9
BRDA:4,0,0,0
BRDA:10,1,0,0
BRDA:16,2,0,0
BRDA:23,3,0,0
BRDA:23,3,1,0
BRDA:29,4,0,0
BRDA:35,5,0,0
BRDA:41,6,0,0
BRDA:47,7,0,0
BRF:9
BRH:0
end_of_record
