TN:
SF:src/app.ts
FN:11,(anonymous_1)
FNF:1
FNH:1
FNDA:1,(anonymous_1)
DA:1,7
DA:2,7
DA:3,7
DA:5,7
DA:7,7
DA:11,7
DA:12,1
DA:15,7
DA:17,7
LF:9
LH:9
BRF:0
BRH:0
end_of_record
TN:
SF:src/adapters/service-order-adapter.ts
FN:8,(anonymous_0)
FN:12,(anonymous_1)
FN:17,(anonymous_2)
FNF:3
FNH:3
FNDA:74,(anonymous_0)
FNDA:75,(anonymous_1)
FNDA:19,(anonymous_2)
DA:2,9
DA:3,9
DA:4,9
DA:7,9
DA:9,74
DA:12,75
DA:17,19
LF:7
LH:7
BRF:0
BRH:0
end_of_record
TN:
SF:src/api/auth.ts
FN:9,(anonymous_1)
FN:13,(anonymous_2)
FNF:2
FNH:2
FNDA:7,(anonymous_1)
FNDA:7,(anonymous_2)
DA:1,7
DA:2,7
DA:4,7
DA:6,7
DA:10,7
DA:14,7
DA:16,7
DA:19,7
DA:20,7
DA:23,7
DA:24,7
DA:26,7
LF:12
LH:12
BRF:0
BRH:0
end_of_record
TN:
SF:src/api/client.ts
FN:9,(anonymous_1)
FN:13,(anonymous_2)
FNF:2
FNH:2
FNDA:4,(anonymous_1)
FNDA:4,(anonymous_2)
DA:1,7
DA:2,7
DA:4,7
DA:6,7
DA:10,4
DA:14,4
DA:16,4
DA:18,4
DA:19,4
DA:20,4
DA:21,4
DA:22,4
DA:24,4
LF:13
LH:13
BRF:0
BRH:0
end_of_record
TN:
SF:src/api/index.ts
FN:14,(anonymous_8)
FN:18,(anonymous_9)
FN:31,(anonymous_10)
FN:36,(anonymous_11)
FN:36,(anonymous_12)
FN:64,(anonymous_13)
FNF:6
FNH:0
FNDA:0,(anonymous_8)
FNDA:0,(anonymous_9)
FNDA:0,(anonymous_10)
FNDA:0,(anonymous_11)
FNDA:0,(anonymous_12)
FNDA:0,(anonymous_13)
DA:1,7
DA:3,7
DA:4,7
DA:5,7
DA:6,7
DA:7,7
DA:8,7
DA:10,7
DA:15,0
DA:19,0
DA:21,0
DA:22,0
DA:23,0
DA:24,0
DA:25,0
DA:26,0
DA:28,0
DA:29,0
DA:31,0
DA:32,0
DA:36,0
DA:37,0
DA:39,0
DA:40,0
DA:47,0
DA:56,0
DA:57,0
DA:58,0
DA:59,0
DA:60,0
DA:61,0
DA:63,0
DA:64,0
DA:65,0
LF:34
LH:8
BRDA:51,0,0,0
BRDA:51,0,1,0
BRDA:63,1,0,0
BRDA:63,1,1,0
BRF:4
BRH:0
end_of_record
TN:
SF:src/api/service-order.ts
FN:9,(anonymous_1)
FN:13,(anonymous_2)
FNF:2
FNH:2
FNDA:1,(anonymous_1)
FNDA:1,(anonymous_2)
DA:1,7
DA:2,7
DA:6,7
DA:10,1
DA:14,1
DA:16,1
DA:19,1
DA:20,1
DA:21,1
DA:22,1
DA:23,1
DA:26,1
DA:27,1
DA:28,1
DA:31,1
DA:32,1
DA:33,1
DA:34,1
DA:35,1
DA:36,1
DA:37,1
DA:38,1
DA:40,1
LF:23
LH:23
BRF:0
BRH:0
end_of_record
TN:
SF:src/api/service.ts
FN:9,(anonymous_1)
FN:13,(anonymous_2)
FNF:2
FNH:2
FNDA:3,(anonymous_1)
FNDA:3,(anonymous_2)
DA:1,7
DA:2,7
DA:4,7
DA:6,7
DA:10,3
DA:14,3
DA:16,3
DA:18,3
DA:19,3
DA:20,3
DA:21,3
DA:22,3
DA:24,3
LF:13
LH:13
BRF:0
BRH:0
end_of_record
TN:
SF:src/api/supply.ts
FN:9,(anonymous_1)
FN:13,(anonymous_2)
FNF:2
FNH:2
FNDA:3,(anonymous_1)
FNDA:3,(anonymous_2)
DA:1,7
DA:2,7
DA:4,7
DA:6,7
DA:10,3
DA:14,3
DA:16,3
DA:18,3
DA:19,3
DA:20,3
DA:21,3
DA:22,3
DA:24,3
LF:13
LH:13
BRF:0
BRH:0
end_of_record
TN:
SF:src/api/vehicle.ts
FN:9,(anonymous_1)
FN:13,(anonymous_2)
FNF:2
FNH:2
FNDA:3,(anonymous_1)
FNDA:3,(anonymous_2)
DA:1,7
DA:2,7
DA:4,7
DA:6,7
DA:10,3
DA:14,3
DA:16,3
DA:18,3
DA:19,3
DA:20,3
DA:21,3
DA:22,3
DA:23,3
DA:25,3
LF:14
LH:14
BRF:0
BRH:0
end_of_record
TN:
SF:src/api/errors/http-errors.ts
FN:5,(anonymous_0)
FN:14,(anonymous_1)
FN:25,(anonymous_2)
FN:31,(anonymous_3)
FN:37,(anonymous_4)
FN:43,(anonymous_5)
FN:50,(anonymous_6)
FN:56,(anonymous_7)
FN:62,(anonymous_8)
FN:68,(anonymous_9)
FNF:10
FNH:10
FNDA:95,(anonymous_0)
FNDA:1,(anonymous_1)
FNDA:5,(anonymous_2)
FNDA:8,(anonymous_3)
FNDA:10,(anonymous_4)
FNDA:53,(anonymous_5)
FNDA:10,(anonymous_6)
FNDA:2,(anonymous_7)
FNDA:2,(anonymous_8)
FNDA:2,(anonymous_9)
DA:1,50
DA:6,95
DA:7,95
DA:8,95
DA:9,95
DA:11,95
DA:15,1
DA:24,50
DA:26,5
DA:30,50
DA:32,8
DA:36,50
DA:38,10
DA:42,50
DA:44,53
DA:45,53
DA:49,50
DA:51,10
DA:55,50
DA:57,2
DA:61,50
DA:63,2
DA:67,50
DA:69,2
LF:24
LH:24
BRDA:25,0,0,1
BRDA:31,1,0,1
BRDA:37,2,0,1
BRDA:44,3,0,52
BRDA:44,3,1,1
BRDA:50,4,0,1
BRDA:56,5,0,1
BRDA:62,6,0,1
BRDA:68,7,0,1
BRF:9
BRH:9
end_of_record
TN:
SF:src/api/middlewares/auth.middleware.ts
FN:23,(anonymous_1)
FN:59,(anonymous_2)
FN:71,(anonymous_3)
FN:75,(anonymous_4)
FNF:4
FNH:4
FNDA:284,(anonymous_1)
FNDA:272,(anonymous_2)
FNDA:5,(anonymous_3)
FNDA:14,(anonymous_4)
DA:2,9
DA:3,9
DA:4,9
DA:20,9
DA:23,9
DA:24,284
DA:25,284
DA:27,284
DA:28,3
DA:31,281
DA:33,281
DA:34,3
DA:37,278
DA:39,275
DA:40,1
DA:44,274
DA:49,274
DA:51,3
DA:52,2
DA:54,1
DA:59,9
DA:60,272
DA:61,1
DA:64,271
DA:65,1
DA:68,270
DA:71,9
DA:72,5
DA:75,9
DA:76,14
DA:80,9
DA:81,9
DA:84,9
LF:33
LH:33
BRDA:27,0,0,3
BRDA:27,0,1,281
BRDA:33,1,0,3
BRDA:33,1,1,278
BRDA:37,2,0,278
BRDA:37,2,1,6
BRDA:39,3,0,1
BRDA:39,3,1,274
BRDA:51,4,0,2
BRDA:51,4,1,1
BRDA:60,5,0,1
BRDA:60,5,1,271
BRDA:64,6,0,1
BRDA:64,6,1,270
BRF:14
BRH:14
end_of_record
TN:
SF:src/api/middlewares/index.ts
FN:2,(anonymous_0)
FN:3,(anonymous_1)
FN:4,(anonymous_2)
FN:5,(anonymous_3)
FNF:4
FNH:4
FNDA:83,(anonymous_0)
FNDA:69,(anonymous_1)
FNDA:3,(anonymous_2)
FNDA:2,(anonymous_3)
DA:1,8
DA:2,91
DA:3,77
DA:4,11
DA:5,10
LF:5
LH:5
BRF:0
BRH:0
end_of_record
TN:
SF:src/controllers/auth.ts
FN:16,(anonymous_7)
FN:22,(anonymous_8)
FN:22,(anonymous_9)
FN:43,(anonymous_10)
FN:43,(anonymous_11)
FN:64,(anonymous_12)
FN:64,(anonymous_13)
FN:81,(anonymous_14)
FN:81,(anonymous_15)
FNF:9
FNH:9
FNDA:24,(anonymous_7)
FNDA:20,(anonymous_8)
FNDA:20,(anonymous_9)
FNDA:8,(anonymous_10)
FNDA:8,(anonymous_11)
FNDA:4,(anonymous_12)
FNDA:4,(anonymous_13)
FNDA:5,(anonymous_14)
FNDA:5,(anonymous_15)
DA:3,8
DA:6,8
DA:7,8
DA:8,8
DA:9,8
DA:11,8
DA:17,24
DA:18,24
DA:19,24
DA:22,24
DA:23,20
DA:24,20
DA:26,20
DA:27,4
DA:28,4
DA:29,4
DA:32,16
DA:34,13
DA:35,13
DA:37,13
DA:39,3
DA:43,24
DA:44,8
DA:45,8
DA:47,8
DA:48,3
DA:49,3
DA:50,3
DA:53,5
DA:55,2
DA:56,2
DA:58,2
DA:60,3
DA:64,24
DA:65,4
DA:66,4
DA:68,4
DA:69,2
DA:72,4
DA:73,4
DA:75,3
DA:77,1
DA:81,24
DA:82,5
DA:83,5
DA:84,2
DA:85,2
DA:86,2
DA:89,3
DA:91,2
DA:92,2
DA:94,2
DA:96,1
LF:53
LH:53
BRDA:26,0,0,4
BRDA:26,0,1,16
BRDA:26,1,0,20
BRDA:26,1,1,19
BRDA:26,1,2,18
BRDA:47,2,0,3
BRDA:47,2,1,5
BRDA:47,3,0,8
BRDA:47,3,1,7
BRDA:66,4,0,2
BRDA:66,4,1,2
BRDA:66,5,0,4
BRDA:66,5,1,4
BRDA:68,6,0,2
BRDA:68,6,1,2
BRDA:83,7,0,2
BRDA:83,7,1,3
BRDA:83,8,0,1
BRDA:83,8,1,4
BRDA:83,9,0,5
BRDA:83,9,1,5
BRF:21
BRH:21
end_of_record
TN:
SF:src/controllers/client.ts
FN:15,(anonymous_7)
FN:21,(anonymous_8)
FN:21,(anonymous_9)
FN:39,(anonymous_10)
FN:39,(anonymous_11)
FN:52,(anonymous_12)
FN:52,(anonymous_13)
FN:75,(anonymous_14)
FN:75,(anonymous_15)
FNF:9
FNH:9
FNDA:14,(anonymous_7)
FNDA:51,(anonymous_8)
FNDA:51,(anonymous_9)
FNDA:5,(anonymous_10)
FNDA:5,(anonymous_11)
FNDA:12,(anonymous_12)
FNDA:12,(anonymous_13)
FNDA:5,(anonymous_14)
FNDA:5,(anonymous_15)
DA:1,8
DA:2,8
DA:5,8
DA:6,8
DA:7,8
DA:9,8
DA:16,14
DA:17,14
DA:18,14
DA:21,51
DA:22,51
DA:23,51
DA:28,44
DA:30,43
DA:31,43
DA:33,43
DA:35,8
DA:39,14
DA:40,5
DA:41,5
DA:43,3
DA:44,3
DA:46,3
DA:48,2
DA:52,14
DA:53,12
DA:54,12
DA:55,12
DA:57,12
DA:58,10
DA:60,6
DA:61,6
DA:63,6
DA:66,2
DA:68,2
DA:69,2
DA:71,4
DA:75,14
DA:76,5
DA:77,5
DA:78,5
DA:80,3
DA:81,3
DA:83,3
DA:85,2
LF:45
LH:45
BRDA:57,0,0,10
BRDA:57,0,1,2
BRF:2
BRH:2
end_of_record
TN:
SF:src/controllers/service-order.ts
FN:19,(anonymous_7)
FN:31,(anonymous_8)
FN:31,(anonymous_9)
FN:44,(anonymous_10)
FN:44,(anonymous_11)
FN:60,(anonymous_12)
FN:60,(anonymous_13)
FN:85,(anonymous_14)
FN:85,(anonymous_15)
FN:97,(anonymous_16)
FN:97,(anonymous_17)
FN:108,(anonymous_18)
FN:108,(anonymous_19)
FN:132,(anonymous_20)
FN:132,(anonymous_21)
FN:146,(anonymous_22)
FN:146,(anonymous_23)
FN:160,(anonymous_24)
FN:160,(anonymous_25)
FN:180,(anonymous_26)
FN:180,(anonymous_27)
FN:194,(anonymous_28)
FN:194,(anonymous_29)
FN:208,(anonymous_30)
FN:208,(anonymous_31)
FN:222,(anonymous_32)
FN:222,(anonymous_33)
FN:236,(anonymous_34)
FN:236,(anonymous_35)
FN:250,(anonymous_36)
FN:250,(anonymous_37)
FNF:31
FNH:21
FNDA:1,(anonymous_7)
FNDA:13,(anonymous_8)
FNDA:13,(anonymous_9)
FNDA:0,(anonymous_10)
FNDA:0,(anonymous_11)
FNDA:0,(anonymous_12)
FNDA:0,(anonymous_13)
FNDA:2,(anonymous_14)
FNDA:2,(anonymous_15)
FNDA:9,(anonymous_16)
FNDA:9,(anonymous_17)
FNDA:5,(anonymous_18)
FNDA:5,(anonymous_19)
FNDA:0,(anonymous_20)
FNDA:0,(anonymous_21)
FNDA:7,(anonymous_22)
FNDA:7,(anonymous_23)
FNDA:0,(anonymous_24)
FNDA:0,(anonymous_25)
FNDA:7,(anonymous_26)
FNDA:7,(anonymous_27)
FNDA:2,(anonymous_28)
FNDA:2,(anonymous_29)
FNDA:3,(anonymous_30)
FNDA:3,(anonymous_31)
FNDA:2,(anonymous_32)
FNDA:2,(anonymous_33)
FNDA:1,(anonymous_34)
FNDA:1,(anonymous_35)
FNDA:0,(anonymous_36)
FNDA:0,(anonymous_37)
DA:2,7
DA:3,7
DA:4,7
DA:7,7
DA:8,7
DA:9,7
DA:11,7
DA:20,1
DA:21,1
DA:22,1
DA:23,1
DA:24,1
DA:31,13
DA:32,13
DA:33,13
DA:35,11
DA:36,11
DA:38,11
DA:40,2
DA:44,1
DA:45,0
DA:46,0
DA:51,0
DA:53,0
DA:54,0
DA:56,0
DA:60,1
DA:61,0
DA:62,0
DA:63,0
DA:65,0
DA:66,0
DA:70,0
DA:71,0
DA:73,0
DA:76,0
DA:78,0
DA:79,0
DA:81,0
DA:85,2
DA:86,2
DA:87,2
DA:89,2
DA:90,2
DA:91,2
DA:93,0
DA:97,9
DA:98,9
DA:99,9
DA:100,9
DA:102,8
DA:104,1
DA:108,5
DA:109,5
DA:110,5
DA:111,5
DA:113,5
DA:114,1
DA:119,4
DA:124,3
DA:125,3
DA:126,3
DA:128,1
DA:132,1
DA:133,0
DA:134,0
DA:135,0
DA:137,0
DA:139,0
DA:140,0
DA:142,0
DA:146,7
DA:147,7
DA:148,7
DA:149,7
DA:151,7
DA:153,7
DA:154,7
DA:156,0
DA:160,1
DA:161,0
DA:162,0
DA:163,0
DA:165,0
DA:171,0
DA:173,0
DA:174,0
DA:176,0
DA:180,7
DA:181,7
DA:182,7
DA:183,7
DA:185,7
DA:187,7
DA:188,7
DA:190,0
DA:194,2
DA:195,2
DA:196,2
DA:197,2
DA:199,2
DA:201,2
DA:202,2
DA:204,0
DA:208,3
DA:209,3
DA:210,3
DA:211,3
DA:213,3
DA:215,3
DA:216,3
DA:218,0
DA:222,2
DA:223,2
DA:224,2
DA:225,2
DA:227,2
DA:229,2
DA:230,2
DA:232,0
DA:236,1
DA:237,1
DA:238,1
DA:239,1
DA:241,1
DA:243,1
DA:244,1
DA:246,0
DA:250,1
DA:251,0
DA:252,0
DA:253,0
DA:255,0
DA:257,0
DA:258,0
DA:260,0
LF:136
LH:89
BRDA:65,0,0,0
BRDA:65,0,1,0
BRDA:113,1,0,1
BRDA:113,1,1,4
BRF:4
BRH:2
end_of_record
TN:
SF:src/controllers/service.ts
FN:15,(anonymous_7)
FN:21,(anonymous_8)
FN:21,(anonymous_9)
FN:40,(anonymous_10)
FN:40,(anonymous_11)
FN:53,(anonymous_12)
FN:53,(anonymous_13)
FN:76,(anonymous_14)
FN:76,(anonymous_15)
FNF:9
FNH:9
FNDA:12,(anonymous_7)
FNDA:48,(anonymous_8)
FNDA:48,(anonymous_9)
FNDA:6,(anonymous_10)
FNDA:6,(anonymous_11)
FNDA:11,(anonymous_12)
FNDA:11,(anonymous_13)
FNDA:5,(anonymous_14)
FNDA:5,(anonymous_15)
DA:1,8
DA:2,8
DA:5,8
DA:6,8
DA:7,8
DA:9,8
DA:16,12
DA:17,12
DA:18,12
DA:21,48
DA:22,48
DA:23,48
DA:29,43
DA:31,43
DA:32,43
DA:34,43
DA:36,5
DA:40,12
DA:41,6
DA:42,6
DA:44,4
DA:45,4
DA:47,4
DA:49,2
DA:53,12
DA:54,11
DA:55,11
DA:56,11
DA:58,11
DA:59,8
DA:61,4
DA:62,4
DA:64,4
DA:67,3
DA:69,3
DA:70,3
DA:72,4
DA:76,12
DA:77,5
DA:78,5
DA:79,5
DA:81,3
DA:82,3
DA:84,3
DA:86,2
LF:45
LH:45
BRDA:58,0,0,8
BRDA:58,0,1,3
BRF:2
BRH:2
end_of_record
TN:
SF:src/controllers/supply.ts
FN:15,(anonymous_7)
FN:21,(anonymous_8)
FN:21,(anonymous_9)
FN:40,(anonymous_10)
FN:40,(anonymous_11)
FN:53,(anonymous_12)
FN:53,(anonymous_13)
FN:76,(anonymous_14)
FN:76,(anonymous_15)
FNF:9
FNH:9
FNDA:15,(anonymous_7)
FNDA:58,(anonymous_8)
FNDA:58,(anonymous_9)
FNDA:15,(anonymous_10)
FNDA:15,(anonymous_11)
FNDA:18,(anonymous_12)
FNDA:18,(anonymous_13)
FNDA:5,(anonymous_14)
FNDA:5,(anonymous_15)
DA:1,8
DA:2,8
DA:5,8
DA:6,8
DA:7,8
DA:9,8
DA:16,15
DA:17,15
DA:18,15
DA:21,58
DA:22,58
DA:23,58
DA:29,54
DA:31,53
DA:32,53
DA:34,53
DA:36,5
DA:40,15
DA:41,15
DA:42,15
DA:44,12
DA:45,12
DA:47,12
DA:49,3
DA:53,18
DA:54,18
DA:55,18
DA:56,18
DA:58,18
DA:59,14
DA:61,10
DA:62,10
DA:64,10
DA:67,4
DA:69,4
DA:70,4
DA:72,4
DA:76,15
DA:77,5
DA:78,5
DA:79,5
DA:81,3
DA:82,3
DA:84,3
DA:86,2
LF:45
LH:45
BRDA:58,0,0,14
BRDA:58,0,1,4
BRF:2
BRH:2
end_of_record
TN:
SF:src/controllers/vehicle.ts
FN:17,(anonymous_7)
FN:24,(anonymous_8)
FN:24,(anonymous_9)
FN:45,(anonymous_10)
FN:45,(anonymous_11)
FN:58,(anonymous_12)
FN:58,(anonymous_13)
FN:81,(anonymous_14)
FN:81,(anonymous_15)
FN:95,(anonymous_16)
FN:95,(anonymous_17)
FNF:11
FNH:11
FNDA:14,(anonymous_7)
FNDA:44,(anonymous_8)
FNDA:44,(anonymous_9)
FNDA:5,(anonymous_10)
FNDA:5,(anonymous_11)
FNDA:11,(anonymous_12)
FNDA:11,(anonymous_13)
FNDA:7,(anonymous_14)
FNDA:7,(anonymous_15)
FNDA:5,(anonymous_16)
FNDA:5,(anonymous_17)
DA:1,8
DA:2,8
DA:3,8
DA:6,8
DA:7,8
DA:8,8
DA:10,8
DA:18,14
DA:19,14
DA:20,14
DA:21,14
DA:24,44
DA:25,44
DA:26,44
DA:34,38
DA:36,36
DA:37,36
DA:39,36
DA:41,8
DA:45,14
DA:46,5
DA:47,5
DA:49,3
DA:50,3
DA:52,3
DA:54,2
DA:58,14
DA:59,11
DA:60,11
DA:61,11
DA:63,11
DA:64,9
DA:66,5
DA:67,5
DA:69,5
DA:72,2
DA:74,2
DA:75,2
DA:77,4
DA:81,14
DA:82,7
DA:83,7
DA:84,7
DA:86,6
DA:87,6
DA:89,6
DA:91,1
DA:95,14
DA:96,5
DA:97,5
DA:98,5
DA:100,3
DA:101,3
DA:103,3
DA:105,2
LF:55
LH:55
BRDA:63,0,0,9
BRDA:63,0,1,2
BRF:2
BRH:2
end_of_record
TN:
SF:src/entities/auth-user.ts
FN:5,(anonymous_8)
FN:18,(anonymous_9)
FN:22,(anonymous_10)
FN:26,(anonymous_11)
FN:32,(anonymous_12)
FN:38,(anonymous_13)
FN:43,(anonymous_15)
FN:47,(anonymous_17)
FN:56,(anonymous_18)
FN:64,(anonymous_19)
FNF:10
FNH:10
FNDA:13,(anonymous_8)
FNDA:3,(anonymous_9)
FNDA:3,(anonymous_10)
FNDA:15,(anonymous_11)
FNDA:46,(anonymous_12)
FNDA:15,(anonymous_13)
FNDA:4,(anonymous_15)
FNDA:20,(anonymous_17)
FNDA:12,(anonymous_18)
FNDA:46,(anonymous_19)
DA:1,13
DA:2,13
DA:3,13
DA:5,13
DA:6,13
DA:7,13
DA:16,13
DA:19,3
DA:23,3
DA:27,15
DA:33,46
DA:34,46
DA:35,44
DA:39,15
DA:40,15
DA:44,4
DA:48,20
DA:57,12
DA:65,46
DA:66,1
DA:69,45
DA:70,0
DA:73,45
DA:74,1
LF:24
LH:23
BRDA:5,0,0,13
BRDA:5,0,1,13
BRDA:65,1,0,1
BRDA:65,1,1,45
BRDA:65,2,0,46
BRDA:65,2,1,45
BRDA:69,3,0,0
BRDA:69,3,1,45
BRDA:73,4,0,1
BRDA:73,4,1,44
BRDA:73,5,0,45
BRDA:73,5,1,45
BRF:12
BRH:11
end_of_record
TN:
SF:src/entities/client.ts
FN:11,(anonymous_0)
FN:15,(anonymous_1)
FN:21,(anonymous_2)
FN:27,(anonymous_3)
FN:35,(anonymous_4)
FN:43,(anonymous_5)
FN:51,(anonymous_6)
FN:58,(anonymous_7)
FN:72,(anonymous_8)
FNF:9
FNH:9
FNDA:69,(anonymous_0)
FNDA:110,(anonymous_1)
FNDA:167,(anonymous_2)
FNDA:8,(anonymous_3)
FNDA:7,(anonymous_4)
FNDA:2,(anonymous_5)
FNDA:42,(anonymous_6)
FNDA:167,(anonymous_7)
FNDA:159,(anonymous_8)
DA:1,13
DA:2,13
DA:9,13
DA:12,69
DA:16,110
DA:22,167
DA:23,167
DA:24,136
DA:28,8
DA:29,6
DA:32,2
DA:36,7
DA:37,6
DA:40,1
DA:44,2
DA:52,42
DA:59,167
DA:60,8
DA:63,159
DA:64,7
DA:67,152
DA:68,16
DA:74,159
DA:75,159
DA:76,10
DA:79,149
DA:80,149
DA:81,1341
DA:83,149
DA:84,149
DA:85,149
DA:86,4
DA:89,145
DA:90,145
DA:91,1450
DA:93,145
DA:94,145
DA:95,145
DA:96,8
DA:99,137
LF:40
LH:40
BRDA:28,0,0,6
BRDA:28,0,1,2
BRDA:28,1,0,8
BRDA:28,1,1,4
BRDA:36,2,0,6
BRDA:36,2,1,1
BRDA:59,3,0,8
BRDA:59,3,1,159
BRDA:59,4,0,167
BRDA:59,4,1,161
BRDA:63,5,0,7
BRDA:63,5,1,152
BRDA:63,6,0,159
BRDA:63,6,1,154
BRDA:67,7,0,16
BRDA:67,7,1,136
BRDA:75,8,0,10
BRDA:75,8,1,149
BRDA:75,9,0,159
BRDA:75,9,1,151
BRDA:84,10,0,12
BRDA:84,10,1,137
BRDA:85,11,0,4
BRDA:85,11,1,145
BRDA:94,12,0,2
BRDA:94,12,1,143
BRDA:95,13,0,8
BRDA:95,13,1,137
BRF:28
BRH:28
end_of_record
TN:
SF:src/entities/entity.ts
FN:4,(anonymous_0)
FN:8,(anonymous_1)
FN:12,(anonymous_2)
FNF:3
FNH:3
FNDA:1057,(anonymous_0)
FNDA:384,(anonymous_1)
FNDA:7,(anonymous_2)
DA:1,42
DA:5,1057
DA:9,384
DA:13,7
DA:14,2
DA:17,5
DA:18,1
DA:21,4
LF:8
LH:8
BRDA:13,0,0,2
BRDA:13,0,1,5
BRDA:13,1,0,7
BRDA:13,1,1,6
BRDA:17,2,0,1
BRDA:17,2,1,4
BRF:6
BRH:6
end_of_record
TN:
SF:src/entities/service-order.ts
FN:19,(anonymous_0)
FN:23,(anonymous_1)
FN:27,(anonymous_2)
FN:31,(anonymous_3)
FN:35,(anonymous_4)
FN:39,(anonymous_5)
FN:43,(anonymous_6)
FN:47,(anonymous_7)
FN:48,(anonymous_8)
FN:49,(anonymous_9)
FN:55,(anonymous_10)
FN:61,(anonymous_11)
FN:69,(anonymous_12)
FN:77,(anonymous_13)
FN:85,(anonymous_14)
FN:93,(anonymous_15)
FN:101,(anonymous_16)
FN:109,(anonymous_17)
FN:118,(anonymous_18)
FN:126,(anonymous_19)
FN:131,(anonymous_20)
FN:140,(anonymous_21)
FN:153,(anonymous_22)
FN:165,(anonymous_23)
FNF:24
FNH:23
FNDA:84,(anonymous_0)
FNDA:84,(anonymous_1)
FNDA:95,(anonymous_2)
FNDA:100,(anonymous_3)
FNDA:83,(anonymous_4)
FNDA:95,(anonymous_5)
FNDA:107,(anonymous_6)
FNDA:46,(anonymous_7)
FNDA:47,(anonymous_8)
FNDA:12,(anonymous_9)
FNDA:140,(anonymous_10)
FNDA:21,(anonymous_11)
FNDA:3,(anonymous_12)
FNDA:3,(anonymous_13)
FNDA:17,(anonymous_14)
FNDA:11,(anonymous_15)
FNDA:9,(anonymous_16)
FNDA:7,(anonymous_17)
FNDA:5,(anonymous_18)
FNDA:3,(anonymous_19)
FNDA:5,(anonymous_20)
FNDA:2,(anonymous_21)
FNDA:0,(anonymous_22)
FNDA:140,(anonymous_23)
DA:1,12
DA:2,12
DA:3,12
DA:17,12
DA:20,84
DA:24,84
DA:28,95
DA:32,100
DA:36,83
DA:40,95
DA:44,107
DA:48,47
DA:49,46
DA:50,46
DA:56,140
DA:57,140
DA:58,130
DA:62,21
DA:63,2
DA:66,19
DA:70,3
DA:71,2
DA:74,1
DA:78,3
DA:79,2
DA:82,1
DA:86,17
DA:87,2
DA:90,15
DA:94,11
DA:95,2
DA:98,9
DA:102,9
DA:103,2
DA:106,7
DA:110,7
DA:111,2
DA:114,5
DA:115,5
DA:119,5
DA:120,2
DA:123,3
DA:127,3
DA:128,3
DA:132,5
DA:133,2
DA:136,3
DA:137,3
DA:141,2
DA:154,0
DA:166,140
DA:167,2
DA:170,138
DA:171,2
DA:174,136
DA:175,4
DA:178,132
DA:179,2
LF:58
LH:57
BRDA:48,0,0,47
BRDA:48,0,1,0
BRDA:49,1,0,12
BRDA:49,1,1,0
BRDA:62,2,0,2
BRDA:62,2,1,19
BRDA:70,3,0,2
BRDA:70,3,1,1
BRDA:78,4,0,2
BRDA:78,4,1,1
BRDA:86,5,0,2
BRDA:86,5,1,15
BRDA:94,6,0,2
BRDA:94,6,1,9
BRDA:102,7,0,2
BRDA:102,7,1,7
BRDA:110,8,0,2
BRDA:110,8,1,5
BRDA:119,9,0,2
BRDA:119,9,1,3
BRDA:132,10,0,2
BRDA:132,10,1,3
BRDA:166,11,0,2
BRDA:166,11,1,138
BRDA:170,12,0,2
BRDA:170,12,1,136
BRDA:174,13,0,4
BRDA:174,13,1,132
BRDA:174,14,0,136
BRDA:174,14,1,134
BRDA:178,15,0,2
BRDA:178,15,1,130
BRF:32
BRH:30
end_of_record
TN:
SF:src/entities/service.ts
FN:12,(anonymous_0)
FN:16,(anonymous_1)
FN:20,(anonymous_2)
FN:26,(anonymous_3)
FN:32,(anonymous_4)
FN:40,(anonymous_5)
FN:48,(anonymous_6)
FN:56,(anonymous_7)
FN:65,(anonymous_8)
FN:73,(anonymous_9)
FNF:10
FNH:10
FNDA:145,(anonymous_0)
FNDA:97,(anonymous_1)
FNDA:143,(anonymous_2)
FNDA:284,(anonymous_3)
FNDA:7,(anonymous_4)
FNDA:7,(anonymous_5)
FNDA:5,(anonymous_6)
FNDA:44,(anonymous_7)
FNDA:42,(anonymous_8)
FNDA:284,(anonymous_9)
DA:1,18
DA:2,18
DA:10,18
DA:13,145
DA:17,97
DA:21,143
DA:27,284
DA:28,284
DA:29,265
DA:33,7
DA:34,6
DA:37,1
DA:41,7
DA:42,6
DA:45,1
DA:49,5
DA:50,4
DA:53,1
DA:57,44
DA:66,42
DA:74,284
DA:75,6
DA:78,278
DA:79,5
DA:82,273
DA:83,8
LF:26
LH:26
BRDA:33,0,0,6
BRDA:33,0,1,1
BRDA:33,1,0,7
BRDA:33,1,1,3
BRDA:41,2,0,6
BRDA:41,2,1,1
BRDA:41,3,0,7
BRDA:41,3,1,3
BRDA:49,4,0,4
BRDA:49,4,1,1
BRDA:74,5,0,6
BRDA:74,5,1,278
BRDA:74,6,0,284
BRDA:74,6,1,278
BRDA:78,7,0,5
BRDA:78,7,1,273
BRDA:78,8,0,278
BRDA:78,8,1,273
BRDA:82,9,0,8
BRDA:82,9,1,265
BRDA:82,10,0,273
BRDA:82,10,1,268
BRF:22
BRH:22
end_of_record
TN:
SF:src/entities/supply.ts
FN:12,(anonymous_0)
FN:16,(anonymous_1)
FN:20,(anonymous_2)
FN:26,(anonymous_3)
FN:32,(anonymous_4)
FN:40,(anonymous_5)
FN:48,(anonymous_6)
FN:56,(anonymous_7)
FN:65,(anonymous_8)
FN:73,(anonymous_9)
FNF:10
FNH:10
FNDA:154,(anonymous_0)
FNDA:97,(anonymous_1)
FNDA:108,(anonymous_2)
FNDA:241,(anonymous_3)
FNDA:7,(anonymous_4)
FNDA:4,(anonymous_5)
FNDA:4,(anonymous_6)
FNDA:11,(anonymous_7)
FNDA:52,(anonymous_8)
FNDA:241,(anonymous_9)
DA:1,17
DA:2,17
DA:10,17
DA:13,154
DA:17,97
DA:21,108
DA:27,241
DA:28,241
DA:29,229
DA:33,7
DA:34,6
DA:37,1
DA:41,4
DA:42,2
DA:45,2
DA:49,4
DA:50,2
DA:53,2
DA:57,11
DA:66,52
DA:74,241
DA:75,6
DA:78,235
DA:79,3
DA:82,232
DA:83,3
LF:26
LH:26
BRDA:33,0,0,6
BRDA:33,0,1,1
BRDA:33,1,0,7
BRDA:33,1,1,3
BRDA:41,2,0,2
BRDA:41,2,1,2
BRDA:49,3,0,2
BRDA:49,3,1,2
BRDA:74,4,0,6
BRDA:74,4,1,235
BRDA:74,5,0,241
BRDA:74,5,1,235
BRDA:78,6,0,3
BRDA:78,6,1,232
BRDA:82,7,0,3
BRDA:82,7,1,229
BRF:16
BRH:16
end_of_record
TN:
SF:src/entities/user-new.ts
FN:1,(anonymous_0)
FN:19,(anonymous_1)
FN:27,(anonymous_2)
FN:36,(anonymous_3)
FN:50,(anonymous_4)
FNF:5
FNH:1
FNDA:9,(anonymous_0)
FNDA:0,(anonymous_1)
FNDA:0,(anonymous_2)
FNDA:0,(anonymous_3)
FNDA:0,(anonymous_4)
DA:1,9
DA:2,9
DA:3,9
DA:13,9
DA:20,0
DA:21,0
DA:22,0
DA:23,0
DA:24,0
DA:28,0
DA:37,0
DA:38,0
DA:41,0
DA:42,0
DA:45,0
DA:46,0
DA:51,0
LF:17
LH:4
BRDA:1,0,0,9
BRDA:1,0,1,9
BRDA:37,1,0,0
BRDA:37,1,1,0
BRDA:37,2,0,0
BRDA:37,2,1,0
BRDA:41,3,0,0
BRDA:41,3,1,0
BRDA:45,4,0,0
BRDA:45,4,1,0
BRDA:45,5,0,0
BRDA:45,5,1,0
BRF:12
BRH:2
end_of_record
TN:
SF:src/entities/user.ts
FN:13,(anonymous_0)
FN:17,(anonymous_1)
FN:21,(anonymous_2)
FN:26,(anonymous_3)
FN:32,(anonymous_4)
FN:40,(anonymous_5)
FNF:6
FNH:0
FNDA:0,(anonymous_0)
FNDA:0,(anonymous_1)
FNDA:0,(anonymous_2)
FNDA:0,(anonymous_3)
FNDA:0,(anonymous_4)
FNDA:0,(anonymous_5)
DA:1,0
DA:2,0
DA:3,0
DA:11,0
DA:14,0
DA:18,0
DA:22,0
DA:27,0
DA:28,0
DA:29,0
DA:33,0
DA:41,0
DA:42,0
DA:45,0
DA:46,0
LF:15
LH:0
BRDA:41,0,0,0
BRDA:41,0,1,0
BRDA:41,1,0,0
BRDA:41,1,1,0
BRDA:45,2,0,0
BRDA:45,2,1,0
BRF:6
BRH:0
end_of_record
TN:
SF:src/entities/vehicle.ts
FN:14,(anonymous_0)
FN:18,(anonymous_1)
FN:22,(anonymous_2)
FN:26,(anonymous_3)
FN:30,(anonymous_4)
FN:36,(anonymous_5)
FN:42,(anonymous_6)
FN:50,(anonymous_7)
FN:58,(anonymous_8)
FN:67,(anonymous_9)
FN:75,(anonymous_10)
FN:83,(anonymous_11)
FN:94,(anonymous_12)
FN:104,(anonymous_13)
FN:127,(anonymous_14)
FNF:15
FNH:14
FNDA:101,(anonymous_0)
FNDA:101,(anonymous_1)
FNDA:101,(anonymous_2)
FNDA:146,(anonymous_3)
FNDA:141,(anonymous_4)
FNDA:166,(anonymous_5)
FNDA:5,(anonymous_6)
FNDA:3,(anonymous_7)
FNDA:5,(anonymous_8)
FNDA:4,(anonymous_9)
FNDA:5,(anonymous_10)
FNDA:2,(anonymous_11)
FNDA:0,(anonymous_12)
FNDA:166,(anonymous_13)
FNDA:154,(anonymous_14)
DA:1,13
DA:2,13
DA:12,13
DA:15,101
DA:19,101
DA:23,101
DA:27,146
DA:31,141
DA:37,166
DA:38,166
DA:39,142
DA:43,5
DA:44,4
DA:47,1
DA:51,3
DA:52,2
DA:55,1
DA:59,5
DA:60,5
DA:61,4
DA:64,1
DA:68,4
DA:69,2
DA:72,2
DA:76,5
DA:77,4
DA:80,1
DA:84,2
DA:95,0
DA:105,166
DA:106,7
DA:109,159
DA:110,2
DA:113,157
DA:114,157
DA:115,5
DA:118,152
DA:119,6
DA:122,146
DA:123,4
DA:129,154
DA:132,154
DA:135,154
DA:137,154
LF:44
LH:43
BRDA:43,0,0,4
BRDA:43,0,1,1
BRDA:43,1,0,5
BRDA:43,1,1,3
BRDA:51,2,0,2
BRDA:51,2,1,1
BRDA:51,3,0,3
BRDA:51,3,1,1
BRDA:60,4,0,4
BRDA:60,4,1,1
BRDA:60,5,0,5
BRDA:60,5,1,3
BRDA:68,6,0,2
BRDA:68,6,1,2
BRDA:76,7,0,4
BRDA:76,7,1,1
BRDA:76,8,0,5
BRDA:76,8,1,3
BRDA:105,9,0,7
BRDA:105,9,1,159
BRDA:105,10,0,166
BRDA:105,10,1,159
BRDA:109,11,0,2
BRDA:109,11,1,157
BRDA:109,12,0,159
BRDA:109,12,1,157
BRDA:114,13,0,5
BRDA:114,13,1,152
BRDA:114,14,0,157
BRDA:114,14,1,157
BRDA:114,14,2,154
BRDA:118,15,0,6
BRDA:118,15,1,146
BRDA:118,16,0,152
BRDA:118,16,1,150
BRDA:122,17,0,4
BRDA:122,17,1,142
BRDA:122,18,0,146
BRDA:122,18,1,144
BRDA:137,19,0,154
BRDA:137,19,1,15
BRF:41
BRH:41
end_of_record
TN:
SF:src/external/postgres/connection.ts
FN:10,(anonymous_8)
FN:18,(anonymous_9)
FN:22,(anonymous_10)
FN:27,(anonymous_11)
FN:37,(anonymous_13)
FN:47,(anonymous_15)
FN:57,(anonymous_17)
FNF:7
FNH:7
FNDA:31,(anonymous_8)
FNDA:7,(anonymous_9)
FNDA:1,(anonymous_10)
FNDA:4,(anonymous_11)
FNDA:8,(anonymous_13)
FNDA:2,(anonymous_15)
FNDA:2,(anonymous_17)
DA:1,8
DA:2,8
DA:5,8
DA:7,8
DA:11,31
DA:18,31
DA:19,7
DA:22,31
DA:23,1
DA:28,4
DA:29,4
DA:30,3
DA:32,1
DA:33,1
DA:38,8
DA:39,8
DA:40,7
DA:42,1
DA:43,1
DA:48,2
DA:49,2
DA:50,1
DA:52,1
DA:53,1
DA:58,2
DA:63,8
DA:65,8
LF:27
LH:27
BRF:0
BRH:0
end_of_record
TN:
SF:src/external/postgres/database-queries.ts
FN:6,(anonymous_7)
FN:10,(anonymous_8)
FN:20,(anonymous_10)
FN:28,(anonymous_12)
FN:38,(anonymous_14)
FN:46,(anonymous_16)
FN:47,(anonymous_17)
FN:56,(anonymous_18)
FN:61,(anonymous_20)
FN:62,(anonymous_21)
FN:70,(anonymous_22)
FN:75,(anonymous_24)
FN:75,(anonymous_25)
FN:80,(anonymous_26)
FN:85,(anonymous_27)
FN:91,(anonymous_28)
FN:106,(anonymous_29)
FN:107,(anonymous_30)
FNF:18
FNH:18
FNDA:26,(anonymous_7)
FNDA:370,(anonymous_8)
FNDA:6,(anonymous_10)
FNDA:5,(anonymous_12)
FNDA:194,(anonymous_14)
FNDA:654,(anonymous_16)
FNDA:654,(anonymous_17)
FNDA:43,(anonymous_18)
FNDA:231,(anonymous_20)
FNDA:231,(anonymous_21)
FNDA:8,(anonymous_22)
FNDA:2,(anonymous_24)
FNDA:2,(anonymous_25)
FNDA:375,(anonymous_26)
FNDA:399,(anonymous_27)
FNDA:60,(anonymous_28)
FNDA:1284,(anonymous_29)
FNDA:168,(anonymous_30)
DA:3,19
DA:7,26
DA:11,370
DA:12,370
DA:14,370
DA:15,370
DA:17,370
DA:21,6
DA:22,6
DA:23,6
DA:25,6
DA:29,5
DA:30,5
DA:32,5
DA:33,5
DA:35,5
DA:40,194
DA:42,194
DA:43,194
DA:46,654
DA:47,654
DA:49,194
DA:51,194
DA:53,194
DA:57,43
DA:58,43
DA:61,231
DA:62,231
DA:64,43
DA:65,43
DA:67,43
DA:71,8
DA:72,8
DA:75,2
DA:76,2
DA:77,2
DA:81,375
DA:82,375
DA:83,375
DA:85,375
DA:86,399
DA:87,399
DA:89,399
DA:91,60
DA:92,12
DA:93,12
DA:95,387
DA:96,387
DA:100,375
DA:107,1284
LF:50
LH:50
BRDA:11,0,0,0
BRDA:11,0,1,370
BRDA:21,1,0,0
BRDA:21,1,1,6
BRDA:29,2,0,0
BRDA:29,2,1,5
BRDA:40,3,0,148
BRDA:40,3,1,46
BRDA:75,4,0,2
BRDA:89,5,0,12
BRDA:89,5,1,387
BRF:11
BRH:8
end_of_record
TN:
SF:src/gateways/client.ts
FN:12,(anonymous_0)
FN:16,(anonymous_1)
FN:20,(anonymous_2)
FN:24,(anonymous_3)
FN:28,(anonymous_4)
FN:32,(anonymous_5)
FN:36,(anonymous_6)
FNF:7
FNH:7
FNDA:20,(anonymous_0)
FNDA:3,(anonymous_1)
FNDA:66,(anonymous_2)
FNDA:44,(anonymous_3)
FNDA:43,(anonymous_4)
FNDA:4,(anonymous_5)
FNDA:3,(anonymous_6)
DA:3,10
DA:7,10
DA:10,20
DA:13,20
DA:17,3
DA:21,66
DA:25,44
DA:29,43
DA:33,4
DA:37,3
LF:10
LH:10
BRF:0
BRH:0
end_of_record
TN:
SF:src/gateways/service-order.ts
FN:12,(anonymous_7)
FN:16,(anonymous_8)
FN:20,(anonymous_9)
FN:26,(anonymous_10)
FN:38,(anonymous_11)
FN:51,(anonymous_12)
FN:53,(anonymous_14)
FN:56,(anonymous_15)
FN:75,(anonymous_17)
FN:78,(anonymous_18)
FN:83,(anonymous_20)
FN:92,(anonymous_22)
FN:98,(anonymous_24)
FN:104,(anonymous_26)
FNF:14
FNH:14
FNDA:16,(anonymous_7)
FNDA:40,(anonymous_8)
FNDA:40,(anonymous_9)
FNDA:10,(anonymous_10)
FNDA:79,(anonymous_11)
FNDA:2,(anonymous_12)
FNDA:1,(anonymous_14)
FNDA:4,(anonymous_15)
FNDA:4,(anonymous_17)
FNDA:38,(anonymous_18)
FNDA:14,(anonymous_20)
FNDA:13,(anonymous_22)
FNDA:27,(anonymous_24)
FNDA:2,(anonymous_26)
DA:3,8
DA:7,8
DA:10,16
DA:13,16
DA:17,40
DA:20,40
DA:26,10
DA:39,79
DA:52,2
DA:53,1
DA:60,4
DA:74,4
DA:75,4
DA:79,38
DA:80,37
DA:84,14
DA:89,14
DA:93,13
DA:94,13
DA:95,12
DA:99,27
DA:100,27
DA:101,26
DA:105,2
LF:24
LH:24
BRDA:43,0,0,7
BRDA:43,0,1,72
BRDA:44,1,0,7
BRDA:44,1,1,72
BRDA:80,2,0,34
BRDA:80,2,1,3
BRDA:89,3,0,2
BRDA:89,3,1,12
BRF:8
BRH:8
end_of_record
TN:
SF:src/gateways/service.ts
FN:12,(anonymous_0)
FN:16,(anonymous_1)
FN:20,(anonymous_2)
FN:24,(anonymous_3)
FN:28,(anonymous_4)
FN:32,(anonymous_5)
FN:36,(anonymous_6)
FNF:7
FNH:7
FNDA:14,(anonymous_0)
FNDA:4,(anonymous_1)
FNDA:15,(anonymous_2)
FNDA:46,(anonymous_3)
FNDA:43,(anonymous_4)
FNDA:5,(anonymous_5)
FNDA:3,(anonymous_6)
DA:3,9
DA:7,9
DA:10,14
DA:13,14
DA:17,4
DA:21,15
DA:25,46
DA:29,43
DA:33,5
DA:37,3
LF:10
LH:10
BRF:0
BRH:0
end_of_record
TN:
SF:src/gateways/supply.ts
FN:12,(anonymous_0)
FN:16,(anonymous_1)
FN:20,(anonymous_2)
FN:24,(anonymous_3)
FN:28,(anonymous_4)
FN:32,(anonymous_5)
FN:36,(anonymous_6)
FNF:7
FNH:7
FNDA:17,(anonymous_0)
FNDA:4,(anonymous_1)
FNDA:29,(anonymous_2)
FNDA:57,(anonymous_3)
FNDA:54,(anonymous_4)
FNDA:14,(anonymous_5)
FNDA:4,(anonymous_6)
DA:3,9
DA:7,9
DA:10,17
DA:13,17
DA:17,4
DA:21,29
DA:25,57
DA:29,54
DA:33,14
DA:37,4
LF:10
LH:10
BRF:0
BRH:0
end_of_record
TN:
SF:src/gateways/user.ts
FN:11,(anonymous_0)
FN:15,(anonymous_1)
FN:19,(anonymous_2)
FN:23,(anonymous_3)
FN:27,(anonymous_4)
FN:31,(anonymous_5)
FN:35,(anonymous_6)
FNF:7
FNH:7
FNDA:22,(anonymous_0)
FNDA:19,(anonymous_1)
FNDA:4,(anonymous_2)
FNDA:14,(anonymous_3)
FNDA:3,(anonymous_4)
FNDA:2,(anonymous_5)
FNDA:2,(anonymous_6)
DA:3,9
DA:7,9
DA:9,22
DA:12,22
DA:16,19
DA:20,4
DA:24,14
DA:28,3
DA:32,2
DA:36,2
LF:10
LH:10
BRF:0
BRH:0
end_of_record
TN:
SF:src/gateways/vehicle.ts
FN:12,(anonymous_7)
FN:16,(anonymous_8)
FN:18,(anonymous_10)
FN:28,(anonymous_11)
FN:42,(anonymous_13)
FN:56,(anonymous_15)
FN:58,(anonymous_17)
FN:68,(anonymous_18)
FN:91,(anonymous_20)
FN:114,(anonymous_22)
FNF:10
FNH:10
FNDA:18,(anonymous_7)
FNDA:3,(anonymous_8)
FNDA:4,(anonymous_10)
FNDA:27,(anonymous_11)
FNDA:39,(anonymous_13)
FNDA:7,(anonymous_15)
FNDA:10,(anonymous_17)
FNDA:36,(anonymous_18)
FNDA:5,(anonymous_20)
FNDA:3,(anonymous_22)
DA:3,9
DA:7,9
DA:10,18
DA:13,18
DA:17,3
DA:18,4
DA:29,27
DA:30,27
DA:32,21
DA:43,39
DA:44,39
DA:46,1
DA:57,7
DA:58,10
DA:70,36
DA:78,36
DA:81,36
DA:93,5
DA:95,5
DA:96,5
DA:97,5
DA:98,5
DA:99,5
DA:101,5
DA:104,5
DA:115,3
LF:26
LH:26
BRDA:30,0,0,6
BRDA:30,0,1,21
BRDA:44,1,0,38
BRDA:44,1,1,1
BRDA:95,2,0,4
BRDA:95,2,1,1
BRDA:96,3,0,3
BRDA:96,3,1,2
BRDA:97,4,0,4
BRDA:97,4,1,1
BRDA:98,5,0,3
BRDA:98,5,1,2
BRDA:99,6,0,3
BRDA:99,6,1,2
BRF:14
BRH:14
end_of_record
TN:
SF:src/interfaces/enums/service-order-status.enum.ts
FN:1,(anonymous_0)
FNF:1
FNH:1
FNDA:13,(anonymous_0)
DA:1,13
DA:2,13
DA:3,13
DA:4,13
DA:5,13
DA:6,13
DA:7,13
DA:8,13
DA:10,13
LF:9
LH:9
BRDA:1,0,0,13
BRDA:1,0,1,13
BRF:2
BRH:2
end_of_record
TN:
SF:src/interfaces/enums/user-role.enum.ts
FN:1,(anonymous_0)
FNF:1
FNH:0
FNDA:0,(anonymous_0)
DA:1,0
DA:2,0
DA:3,0
LF:3
LH:0
BRDA:1,0,0,0
BRDA:1,0,1,0
BRF:2
BRH:0
end_of_record
TN:
SF:src/presenters/auth.ts
FN:6,(anonymous_0)
FN:11,(anonymous_1)
FN:22,(anonymous_2)
FN:33,(anonymous_3)
FN:40,(anonymous_4)
FN:48,(anonymous_5)
FN:55,(anonymous_6)
FNF:7
FNH:6
FNDA:0,(anonymous_0)
FNDA:3,(anonymous_1)
FNDA:14,(anonymous_2)
FNDA:2,(anonymous_3)
FNDA:2,(anonymous_4)
FNDA:3,(anonymous_5)
FNDA:1,(anonymous_6)
DA:1,9
DA:4,9
DA:7,0
DA:8,0
DA:12,3
DA:13,3
DA:23,14
DA:24,14
DA:34,2
DA:35,2
DA:41,2
DA:42,2
DA:49,3
DA:50,3
DA:56,1
DA:57,1
LF:16
LH:14
BRF:0
BRH:0
end_of_record
TN:
SF:src/presenters/base-presenter.ts
FN:1,(anonymous_0)
FN:5,(anonymous_1)
FN:9,(anonymous_2)
FNF:3
FNH:3
FNDA:406,(anonymous_0)
FNDA:352,(anonymous_1)
FNDA:393,(anonymous_2)
DA:1,25
DA:2,406
DA:3,406
DA:6,352
DA:10,393
LF:5
LH:5
BRF:0
BRH:0
end_of_record
TN:
SF:src/presenters/client.ts
FN:5,(anonymous_0)
FN:20,(anonymous_1)
FN:25,(anonymous_2)
FN:33,(anonymous_3)
FN:47,(anonymous_4)
FN:61,(anonymous_5)
FNF:6
FNH:6
FNDA:44,(anonymous_0)
FNDA:3,(anonymous_1)
FNDA:3,(anonymous_2)
FNDA:6,(anonymous_3)
FNDA:3,(anonymous_4)
FNDA:4,(anonymous_5)
DA:2,9
DA:4,9
DA:6,44
DA:8,44
DA:10,44
DA:21,3
DA:23,3
DA:25,3
DA:34,6
DA:35,6
DA:37,6
DA:48,3
DA:49,3
DA:51,3
DA:62,4
DA:64,4
LF:16
LH:16
BRF:0
BRH:0
end_of_record
TN:
SF:src/presenters/error.ts
FN:4,(anonymous_0)
FNF:1
FNH:1
FNDA:34,(anonymous_0)
DA:1,13
DA:3,13
DA:5,34
DA:6,34
LF:4
LH:4
BRDA:8,0,0,32
BRDA:8,0,1,2
BRDA:8,1,0,34
BRDA:8,1,1,33
BRF:4
BRH:4
end_of_record
TN:
SF:src/presenters/service-order.ts
FN:7,(anonymous_0)
FN:19,(anonymous_1)
FN:20,(anonymous_2)
FN:31,(anonymous_3)
FN:32,(anonymous_4)
FN:52,(anonymous_5)
FN:57,(anonymous_6)
FN:65,(anonymous_7)
FN:66,(anonymous_8)
FN:76,(anonymous_9)
FN:77,(anonymous_10)
FN:96,(anonymous_11)
FN:108,(anonymous_12)
FN:109,(anonymous_13)
FN:120,(anonymous_14)
FN:121,(anonymous_15)
FNF:16
FNH:11
FNDA:14,(anonymous_0)
FNDA:14,(anonymous_1)
FNDA:3,(anonymous_2)
FNDA:0,(anonymous_3)
FNDA:0,(anonymous_4)
FNDA:4,(anonymous_5)
FNDA:4,(anonymous_6)
FNDA:4,(anonymous_7)
FNDA:0,(anonymous_8)
FNDA:0,(anonymous_9)
FNDA:0,(anonymous_10)
FNDA:25,(anonymous_11)
FNDA:24,(anonymous_12)
FNDA:6,(anonymous_13)
FNDA:1,(anonymous_14)
FNDA:1,(anonymous_15)
DA:2,8
DA:4,8
DA:6,8
DA:8,14
DA:10,14
DA:11,14
DA:13,14
DA:19,14
DA:20,3
DA:28,0
DA:31,0
DA:32,0
DA:33,0
DA:35,0
DA:53,4
DA:55,4
DA:58,4
DA:59,4
DA:61,4
DA:65,4
DA:66,0
DA:73,0
DA:76,0
DA:77,0
DA:78,0
DA:80,0
DA:97,25
DA:99,25
DA:100,24
DA:102,24
DA:108,24
DA:109,6
DA:117,1
DA:120,1
DA:121,1
DA:122,1
DA:124,1
LF:37
LH:26
BRDA:10,0,0,14
BRDA:10,0,1,0
BRDA:31,1,0,0
BRDA:31,1,1,0
BRDA:32,2,0,0
BRDA:32,2,1,0
BRDA:58,3,0,4
BRDA:58,3,1,0
BRDA:76,4,0,0
BRDA:76,4,1,0
BRDA:77,5,0,0
BRDA:77,5,1,0
BRDA:99,6,0,24
BRDA:99,6,1,1
BRDA:120,7,0,1
BRDA:120,7,1,0
BRDA:121,8,0,1
BRDA:121,8,1,0
BRF:18
BRH:6
end_of_record
TN:
SF:src/presenters/service.ts
FN:6,(anonymous_0)
FN:21,(anonymous_1)
FN:26,(anonymous_2)
FN:37,(anonymous_3)
FN:52,(anonymous_4)
FN:67,(anonymous_5)
FNF:6
FNH:6
FNDA:45,(anonymous_0)
FNDA:4,(anonymous_1)
FNDA:6,(anonymous_2)
FNDA:4,(anonymous_3)
FNDA:4,(anonymous_4)
FNDA:4,(anonymous_5)
DA:3,9
DA:5,9
DA:7,45
DA:8,45
DA:10,45
DA:22,4
DA:24,4
DA:27,6
DA:38,4
DA:39,4
DA:41,4
DA:53,4
DA:54,4
DA:56,4
DA:68,4
DA:70,4
LF:16
LH:16
BRF:0
BRH:0
end_of_record
TN:
SF:src/presenters/supply.ts
FN:5,(anonymous_0)
FN:20,(anonymous_1)
FN:25,(anonymous_2)
FN:36,(anonymous_3)
FN:51,(anonymous_4)
FN:66,(anonymous_5)
FNF:6
FNH:6
FNDA:54,(anonymous_0)
FNDA:5,(anonymous_1)
FNDA:10,(anonymous_2)
FNDA:11,(anonymous_3)
FNDA:13,(anonymous_4)
FNDA:4,(anonymous_5)
DA:2,9
DA:4,9
DA:6,54
DA:7,54
DA:9,54
DA:21,5
DA:23,5
DA:26,10
DA:37,11
DA:38,11
DA:40,11
DA:52,13
DA:53,13
DA:55,13
DA:67,4
DA:69,4
LF:16
LH:16
BRF:0
BRH:0
end_of_record
TN:
SF:src/presenters/validation.ts
FN:4,(anonymous_0)
FNF:1
FNH:1
FNDA:22,(anonymous_0)
DA:1,12
DA:3,12
DA:5,22
DA:6,22
LF:4
LH:4
BRDA:8,0,0,22
BRDA:8,0,1,0
BRDA:8,1,0,22
BRDA:8,1,1,22
BRF:4
BRH:3
end_of_record
TN:
SF:src/presenters/vehicle.ts
FN:5,(anonymous_0)
FN:24,(anonymous_1)
FN:29,(anonymous_2)
FN:42,(anonymous_3)
FN:59,(anonymous_4)
FN:76,(anonymous_5)
FNF:6
FNH:6
FNDA:37,(anonymous_0)
FNDA:8,(anonymous_1)
FNDA:12,(anonymous_2)
FNDA:5,(anonymous_3)
FNDA:3,(anonymous_4)
FNDA:3,(anonymous_5)
DA:2,9
DA:4,9
DA:6,37
DA:8,37
DA:10,37
DA:25,8
DA:27,8
DA:30,12
DA:43,5
DA:44,5
DA:46,5
DA:60,3
DA:61,3
DA:63,3
DA:77,3
DA:79,3
LF:16
LH:16
BRF:0
BRH:0
end_of_record
TN:
SF:src/presenters/verify-and-return-error.ts
FN:6,(anonymous_0)
FNF:1
FNH:1
FNDA:48,(anonymous_0)
DA:1,12
DA:2,12
DA:3,12
DA:4,12
DA:6,12
DA:9,48
DA:10,22
DA:11,26
DA:12,2
DA:13,2
DA:14,2
DA:15,2
DA:16,24
DA:17,24
DA:18,24
DA:19,24
DA:20,24
DA:22,0
DA:25,22
DA:26,22
LF:20
LH:19
BRDA:9,0,0,22
BRDA:9,0,1,26
BRDA:11,1,0,2
BRDA:11,1,1,24
BRDA:16,2,0,24
BRDA:16,2,1,0
BRF:6
BRH:5
end_of_record
TN:
SF:src/usecases/client.ts
FN:7,(anonymous_7)
FN:9,(anonymous_8)
FN:24,(anonymous_10)
FN:37,(anonymous_12)
FN:39,(anonymous_14)
FN:45,(anonymous_15)
FN:70,(anonymous_17)
FNF:7
FNH:7
FNDA:17,(anonymous_7)
FNDA:45,(anonymous_8)
FNDA:11,(anonymous_10)
FNDA:3,(anonymous_12)
FNDA:3,(anonymous_14)
FNDA:10,(anonymous_15)
FNDA:6,(anonymous_17)
DA:1,9
DA:2,9
DA:4,9
DA:6,9
DA:7,17
DA:10,45
DA:12,45
DA:13,2
DA:16,43
DA:18,43
DA:25,11
DA:27,11
DA:28,5
DA:31,6
DA:38,3
DA:39,3
DA:46,10
DA:48,10
DA:50,10
DA:51,3
DA:54,7
DA:55,4
DA:57,4
DA:58,2
DA:62,5
DA:64,5
DA:71,6
DA:73,6
DA:74,3
DA:77,3
LF:30
LH:30
BRDA:12,0,0,2
BRDA:12,0,1,43
BRDA:27,1,0,5
BRDA:27,1,1,6
BRDA:50,2,0,3
BRDA:50,2,1,7
BRDA:54,3,0,4
BRDA:54,3,1,3
BRDA:57,4,0,2
BRDA:57,4,1,2
BRDA:57,5,0,4
BRDA:57,5,1,3
BRDA:62,6,0,2
BRDA:62,6,1,3
BRDA:62,7,0,5
BRDA:62,7,1,5
BRDA:73,8,0,3
BRDA:73,8,1,3
BRF:18
BRH:18
end_of_record
TN:
SF:src/usecases/service-order.ts
FN:11,(anonymous_7)
FN:17,(anonymous_8)
FN:60,(anonymous_10)
FN:70,(anonymous_12)
FN:72,(anonymous_14)
FN:75,(anonymous_15)
FN:77,(anonymous_17)
FN:80,(anonymous_18)
FN:93,(anonymous_20)
FN:112,(anonymous_22)
FN:123,(anonymous_24)
FN:137,(anonymous_26)
FN:162,(anonymous_28)
FN:176,(anonymous_30)
FN:190,(anonymous_32)
FN:204,(anonymous_34)
FN:218,(anonymous_36)
FN:232,(anonymous_38)
FN:246,(anonymous_40)
FN:256,(anonymous_42)
FN:257,(anonymous_43)
FN:258,(anonymous_44)
FNF:22
FNH:13
FNDA:4,(anonymous_7)
FNDA:17,(anonymous_8)
FNDA:1,(anonymous_10)
FNDA:0,(anonymous_12)
FNDA:0,(anonymous_14)
FNDA:2,(anonymous_15)
FNDA:2,(anonymous_17)
FNDA:9,(anonymous_18)
FNDA:4,(anonymous_20)
FNDA:0,(anonymous_22)
FNDA:7,(anonymous_24)
FNDA:0,(anonymous_26)
FNDA:7,(anonymous_28)
FNDA:2,(anonymous_30)
FNDA:3,(anonymous_32)
FNDA:2,(anonymous_34)
FNDA:1,(anonymous_36)
FNDA:0,(anonymous_38)
FNDA:0,(anonymous_40)
FNDA:0,(anonymous_42)
FNDA:0,(anonymous_43)
FNDA:0,(anonymous_44)
DA:1,8
DA:2,8
DA:4,8
DA:6,8
DA:8,8
DA:10,8
DA:12,4
DA:13,4
DA:14,4
DA:25,17
DA:26,17
DA:27,3
DA:31,14
DA:32,14
DA:33,2
DA:37,12
DA:42,12
DA:43,1
DA:46,11
DA:56,11
DA:57,11
DA:61,1
DA:63,1
DA:64,0
DA:67,1
DA:71,0
DA:72,0
DA:76,2
DA:77,2
DA:81,9
DA:83,9
DA:84,1
DA:87,8
DA:94,4
DA:96,4
DA:97,1
DA:100,3
DA:102,3
DA:103,2
DA:105,1
DA:108,3
DA:109,3
DA:113,0
DA:115,0
DA:116,0
DA:119,0
DA:120,0
DA:124,7
DA:126,7
DA:127,0
DA:130,7
DA:131,7
DA:133,7
DA:134,7
DA:142,0
DA:144,0
DA:145,0
DA:148,0
DA:150,0
DA:151,0
DA:154,0
DA:155,0
DA:158,0
DA:159,0
DA:163,7
DA:165,7
DA:166,0
DA:169,7
DA:170,7
DA:172,7
DA:173,7
DA:177,2
DA:179,2
DA:180,0
DA:183,2
DA:184,2
DA:186,2
DA:187,2
DA:191,3
DA:193,3
DA:194,0
DA:197,3
DA:198,3
DA:200,3
DA:201,3
DA:205,2
DA:207,2
DA:208,0
DA:211,2
DA:212,2
DA:214,2
DA:215,2
DA:219,1
DA:221,1
DA:222,0
DA:225,1
DA:226,1
DA:228,1
DA:229,1
DA:233,0
DA:235,0
DA:236,0
DA:239,0
DA:240,0
DA:242,0
DA:243,0
DA:247,0
DA:249,0
DA:250,0
DA:253,0
DA:257,0
DA:258,0
DA:259,0
LF:113
LH:75
BRDA:26,0,0,3
BRDA:26,0,1,14
BRDA:32,1,0,2
BRDA:32,1,1,12
BRDA:42,2,0,1
BRDA:42,2,1,11
BRDA:50,3,0,11
BRDA:50,3,1,9
BRDA:63,4,0,0
BRDA:63,4,1,1
BRDA:83,5,0,1
BRDA:83,5,1,8
BRDA:96,6,0,1
BRDA:96,6,1,3
BRDA:102,7,0,2
BRDA:102,7,1,1
BRDA:115,8,0,0
BRDA:115,8,1,0
BRDA:126,9,0,0
BRDA:126,9,1,7
BRDA:144,10,0,0
BRDA:144,10,1,0
BRDA:150,11,0,0
BRDA:150,11,1,0
BRDA:154,12,0,0
BRDA:154,12,1,0
BRDA:165,13,0,0
BRDA:165,13,1,7
BRDA:179,14,0,0
BRDA:179,14,1,2
BRDA:193,15,0,0
BRDA:193,15,1,3
BRDA:207,16,0,0
BRDA:207,16,1,2
BRDA:221,17,0,0
BRDA:221,17,1,1
BRDA:235,18,0,0
BRDA:235,18,1,0
BRDA:249,19,0,0
BRDA:249,19,1,0
BRDA:257,20,0,0
BRDA:257,20,1,0
BRDA:258,21,0,0
BRDA:258,21,1,0
BRF:44
BRH:21
end_of_record
TN:
SF:src/usecases/service.ts
FN:7,(anonymous_7)
FN:9,(anonymous_8)
FN:25,(anonymous_10)
FN:39,(anonymous_12)
FN:41,(anonymous_14)
FN:48,(anonymous_15)
FN:78,(anonymous_17)
FNF:7
FNH:7
FNDA:16,(anonymous_7)
FNDA:45,(anonymous_8)
FNDA:9,(anonymous_10)
FNDA:4,(anonymous_12)
FNDA:6,(anonymous_14)
FNDA:11,(anonymous_15)
FNDA:6,(anonymous_17)
DA:1,9
DA:2,9
DA:4,9
DA:6,9
DA:7,16
DA:10,45
DA:12,45
DA:13,2
DA:16,43
DA:18,43
DA:26,9
DA:28,9
DA:29,5
DA:32,4
DA:40,4
DA:41,6
DA:49,11
DA:51,11
DA:53,11
DA:54,3
DA:57,8
DA:58,6
DA:60,6
DA:61,2
DA:65,6
DA:71,6
DA:79,6
DA:81,6
DA:82,3
DA:85,3
LF:30
LH:30
BRDA:12,0,0,2
BRDA:12,0,1,43
BRDA:28,1,0,5
BRDA:28,1,1,4
BRDA:53,2,0,3
BRDA:53,2,1,8
BRDA:57,3,0,6
BRDA:57,3,1,2
BRDA:60,4,0,2
BRDA:60,4,1,4
BRDA:60,5,0,6
BRDA:60,5,1,3
BRDA:66,6,0,4
BRDA:66,6,1,2
BRDA:66,7,0,6
BRDA:66,7,1,6
BRDA:67,8,0,5
BRDA:67,8,1,1
BRDA:67,9,0,6
BRDA:67,9,1,6
BRDA:68,10,0,5
BRDA:68,10,1,1
BRDA:68,11,0,6
BRDA:68,11,1,6
BRDA:81,12,0,3
BRDA:81,12,1,3
BRF:26
BRH:26
end_of_record
TN:
SF:src/usecases/supply.ts
FN:7,(anonymous_7)
FN:9,(anonymous_8)
FN:25,(anonymous_10)
FN:39,(anonymous_12)
FN:41,(anonymous_14)
FN:48,(anonymous_15)
FN:78,(anonymous_17)
FNF:7
FNH:7
FNDA:16,(anonymous_7)
FNDA:55,(anonymous_8)
FNDA:15,(anonymous_10)
FNDA:4,(anonymous_12)
FNDA:8,(anonymous_14)
FNDA:19,(anonymous_15)
FNDA:6,(anonymous_17)
DA:1,9
DA:2,9
DA:4,9
DA:6,9
DA:7,16
DA:10,55
DA:12,55
DA:13,2
DA:16,53
DA:18,53
DA:26,15
DA:28,15
DA:29,5
DA:32,10
DA:40,4
DA:41,8
DA:49,19
DA:51,19
DA:53,19
DA:54,3
DA:57,16
DA:58,6
DA:60,6
DA:61,2
DA:65,14
DA:71,14
DA:79,6
DA:81,6
DA:82,3
DA:85,3
LF:30
LH:30
BRDA:12,0,0,2
BRDA:12,0,1,53
BRDA:28,1,0,5
BRDA:28,1,1,10
BRDA:53,2,0,3
BRDA:53,2,1,16
BRDA:57,3,0,6
BRDA:57,3,1,10
BRDA:60,4,0,2
BRDA:60,4,1,4
BRDA:60,5,0,6
BRDA:60,5,1,3
BRDA:66,6,0,4
BRDA:66,6,1,10
BRDA:66,7,0,14
BRDA:66,7,1,14
BRDA:67,8,0,14
BRDA:67,8,1,0
BRDA:67,9,0,14
BRDA:67,9,1,14
BRDA:68,10,0,4
BRDA:68,10,1,10
BRDA:68,11,0,14
BRDA:68,11,1,14
BRDA:81,12,0,3
BRDA:81,12,1,3
BRF:26
BRH:25
end_of_record
TN:
SF:src/usecases/user.ts
FN:8,(anonymous_8)
FN:10,(anonymous_9)
FN:48,(anonymous_11)
FN:74,(anonymous_13)
FN:87,(anonymous_15)
FNF:5
FNH:5
FNDA:12,(anonymous_8)
FNDA:17,(anonymous_9)
FNDA:3,(anonymous_11)
FNDA:3,(anonymous_13)
FNDA:14,(anonymous_15)
DA:1,9
DA:2,9
DA:4,9
DA:5,9
DA:7,9
DA:8,12
DA:12,17
DA:13,2
DA:17,15
DA:18,15
DA:19,2
DA:23,13
DA:30,13
DA:33,13
DA:36,13
DA:43,13
DA:45,13
DA:50,3
DA:51,3
DA:52,1
DA:56,2
DA:63,2
DA:64,2
DA:65,1
DA:69,1
DA:71,1
DA:75,3
DA:76,3
DA:77,1
DA:80,2
DA:88,14
DA:93,14
LF:32
LH:32
BRDA:12,0,0,2
BRDA:12,0,1,15
BRDA:18,1,0,2
BRDA:18,1,1,13
BRDA:51,2,0,1
BRDA:51,2,1,2
BRDA:64,3,0,1
BRDA:64,3,1,1
BRDA:76,4,0,1
BRDA:76,4,1,2
BRDA:93,5,0,14
BRDA:93,5,1,0
BRF:12
BRH:11
end_of_record
TN:
SF:src/usecases/vehicle.ts
FN:7,(anonymous_7)
FN:12,(anonymous_8)
FN:36,(anonymous_10)
FN:52,(anonymous_12)
FN:54,(anonymous_14)
FN:63,(anonymous_15)
FN:65,(anonymous_17)
FN:74,(anonymous_18)
FN:108,(anonymous_20)
FNF:9
FNH:9
FNDA:16,(anonymous_7)
FNDA:42,(anonymous_8)
FNDA:10,(anonymous_10)
FNDA:3,(anonymous_12)
FNDA:4,(anonymous_14)
FNDA:6,(anonymous_15)
FNDA:9,(anonymous_17)
FNDA:8,(anonymous_18)
FNDA:6,(anonymous_20)
DA:1,9
DA:2,9
DA:4,9
DA:6,9
DA:8,16
DA:9,16
DA:13,42
DA:15,42
DA:16,2
DA:20,40
DA:21,40
DA:22,4
DA:25,36
DA:27,36
DA:37,10
DA:39,10
DA:40,5
DA:43,5
DA:53,3
DA:54,4
DA:64,6
DA:65,9
DA:75,8
DA:77,8
DA:79,8
DA:80,3
DA:83,5
DA:84,3
DA:86,3
DA:87,2
DA:91,3
DA:99,3
DA:109,6
DA:111,6
DA:112,3
DA:115,3
LF:36
LH:36
BRDA:15,0,0,2
BRDA:15,0,1,40
BRDA:21,1,0,4
BRDA:21,1,1,36
BRDA:39,2,0,5
BRDA:39,2,1,5
BRDA:79,3,0,3
BRDA:79,3,1,5
BRDA:83,4,0,3
BRDA:83,4,1,2
BRDA:86,5,0,2
BRDA:86,5,1,1
BRDA:86,6,0,3
BRDA:86,6,1,3
BRDA:92,7,0,3
BRDA:92,7,1,0
BRDA:92,8,0,3
BRDA:92,8,1,3
BRDA:93,9,0,3
BRDA:93,9,1,0
BRDA:93,10,0,3
BRDA:93,10,1,3
BRDA:94,11,0,1
BRDA:94,11,1,2
BRDA:94,12,0,3
BRDA:94,12,1,3
BRDA:95,13,0,1
BRDA:95,13,1,2
BRDA:95,14,0,3
BRDA:95,14,1,3
BRDA:96,15,0,1
BRDA:96,15,1,2
BRDA:96,16,0,3
BRDA:96,16,1,3
BRDA:111,17,0,3
BRDA:111,17,1,3
BRF:36
BRH:34
end_of_record
TN:
SF:src/usecases/errors/errors.ts
FN:4,(anonymous_0)
FN:11,(anonymous_1)
FN:17,(anonymous_2)
FN:21,(anonymous_3)
FN:27,(anonymous_4)
FNF:5
FNH:5
FNDA:228,(anonymous_0)
FNDA:3,(anonymous_1)
FNDA:8,(anonymous_2)
FNDA:1,(anonymous_3)
FNDA:8,(anonymous_4)
DA:1,47
DA:3,47
DA:5,228
DA:6,228
DA:10,47
DA:12,3
DA:16,47
DA:18,8
DA:22,1
DA:26,47
DA:28,8
LF:11
LH:11
BRF:0
BRH:0
end_of_record
